==98844== Memcheck, a memory error detector
==98844== Copyright (C) 2002-2017, and GNU GPL'd, by Julian Seward et al.
==98844== Using Valgrind-3.18.1 and LibVEX; rerun with -h for copyright info
==98844== Command: ./minishell
==98844== Parent PID: 94698
==98844== 
==98844== Invalid write of size 8
==98844==    at 0x40565F: env_set (in /home/albarrei/minishell/minishell)
==98844==    by 0x404F85: builtin_export (in /home/albarrei/minishell/minishell)
==98844==    by 0x404C71: execute_builtins (in /home/albarrei/minishell/minishell)
==98844==    by 0x405DD9: execute (in /home/albarrei/minishell/minishell)
==98844==    by 0x401565: process_input (in /home/albarrei/minishell/minishell)
==98844==    by 0x401466: main (in /home/albarrei/minishell/minishell)
==98844==  Address 0x4b253c0 is 0 bytes after a block of size 800 alloc'd
==98844==    at 0x4848899: malloc (in /usr/libexec/valgrind/vgpreload_memcheck-amd64-linux.so)
==98844==    by 0x4056BB: env_create (in /home/albarrei/minishell/minishell)
==98844==    by 0x4013D7: main (in /home/albarrei/minishell/minishell)
==98844== 
{
   <insert_a_suppression_name_here>
   Memcheck:Addr8
   fun:env_set
   fun:builtin_export
   fun:execute_builtins
   fun:execute
   fun:process_input
   fun:main
}
==102895== 
==102895== HEAP SUMMARY:
==102895==     in use at exit: 218,631 bytes in 499 blocks
==102895==   total heap usage: 1,433 allocs, 934 frees, 325,878 bytes allocated
==102895== 
==102895== LEAK SUMMARY:
==102895==    definitely lost: 1,926 bytes in 79 blocks
==102895==    indirectly lost: 0 bytes in 0 blocks
==102895==      possibly lost: 0 bytes in 0 blocks
==102895==    still reachable: 216,705 bytes in 420 blocks
==102895==         suppressed: 0 bytes in 0 blocks
==102895== Rerun with --leak-check=full to see details of leaked memory
==102895== 
==102895== For lists of detected and suppressed errors, rerun with: -s
==102895== ERROR SUMMARY: 1 errors from 1 contexts (suppressed: 0 from 0)
==98844== 
==98844== HEAP SUMMARY:
==98844==     in use at exit: 211,418 bytes in 339 blocks
==98844==   total heap usage: 1,764 allocs, 1,425 frees, 331,164 bytes allocated
==98844== 
==98844== LEAK SUMMARY:
==98844==    definitely lost: 2,779 bytes in 111 blocks
==98844==    indirectly lost: 0 bytes in 0 blocks
==98844==      possibly lost: 0 bytes in 0 blocks
==98844==    still reachable: 208,639 bytes in 228 blocks
==98844==         suppressed: 0 bytes in 0 blocks
==98844== Rerun with --leak-check=full to see details of leaked memory
==98844== 
==98844== For lists of detected and suppressed errors, rerun with: -s
==98844== ERROR SUMMARY: 1 errors from 1 contexts (suppressed: 0 from 0)
